<?xml version="1.0" encoding="UTF-8"?>
<robot generator="Robot 6.1.1 (Python 3.9.5 on win32)" generated="20231207 04:15:35.492" rpa="false" schemaversion="4">
<suite id="s1" name="Search" source="D:\automation\newProject\vodafone\tests\webApp\search.robot">
<test id="s1-t1" name="Example Test Case 1" line="21">
<kw name="Scenario Outline:customer can search product in stock and choose it's color">
<arg>${SearchKeyword}</arg>
<arg>${suggestionKey}</arg>
<arg>${brandName}</arg>
<arg>${selectedVersion}</arg>
<arg>${productColor1}</arg>
<arg>${status1}</arg>
<kw name="Given Vodafone eShop website opened" library="search_step_definitions">
<kw name="Open Browser" library="SeleniumLibrary">
<arg>${url}</arg>
<arg>${Browser}</arg>
<doc>Opens a new browser instance to the optional ``url``.</doc>
<msg timestamp="20231207 04:15:35.688" level="INFO">Opening browser 'Firefox' to base url 'https://eshop.vodafone.com.eg/en'.</msg>
<status status="PASS" starttime="20231207 04:15:35.687" endtime="20231207 04:15:44.788"/>
</kw>
<kw name="Maximize Browser Window" library="SeleniumLibrary">
<doc>Maximizes current browser window.</doc>
<status status="PASS" starttime="20231207 04:15:44.789" endtime="20231207 04:15:45.052"/>
</kw>
<kw name="Click Button" library="SeleniumLibrary">
<arg>${rejectCookies}</arg>
<doc>Clicks the button identified by ``locator``.</doc>
<msg timestamp="20231207 04:15:45.054" level="INFO">Clicking button 'id:onetrust-reject-all-handler'.</msg>
<msg timestamp="20231207 04:15:45.530" level="INFO" html="true">&lt;/td&gt;&lt;/tr&gt;&lt;tr&gt;&lt;td colspan="3"&gt;&lt;a href="selenium-screenshot-1.png"&gt;&lt;img src="selenium-screenshot-1.png" width="800px"&gt;&lt;/a&gt;</msg>
<msg timestamp="20231207 04:15:45.530" level="FAIL">ElementNotInteractableException: Message: Element &lt;button id="onetrust-reject-all-handler" class="teal-binded"&gt; could not be scrolled into view
Stacktrace:
RemoteError@chrome://remote/content/shared/RemoteError.sys.mjs:8:8
WebDriverError@chrome://remote/content/shared/webdriver/Errors.sys.mjs:180:5
ElementNotInteractableError@chrome://remote/content/shared/webdriver/Errors.sys.mjs:290:5
webdriverClickElement@chrome://remote/content/marionette/interaction.sys.mjs:150:11
interaction.clickElement@chrome://remote/content/marionette/interaction.sys.mjs:119:11
clickElement@chrome://remote/content/marionette/actors/MarionetteCommandsChild.sys.mjs:198:29
receiveMessage@chrome://remote/content/marionette/actors/MarionetteCommandsChild.sys.mjs:86:31
</msg>
<status status="FAIL" starttime="20231207 04:15:45.052" endtime="20231207 04:15:45.536"/>
</kw>
<status status="FAIL" starttime="20231207 04:15:35.687" endtime="20231207 04:15:45.536"/>
</kw>
<kw name="When enter search &quot;${Keyword}&quot; in search bar" library="search_step_definitions" sourcename="When enter search &quot;${Keyword}&quot; in search bar">
<arg>${Keyword}</arg>
<status status="NOT RUN" starttime="20231207 04:15:45.536" endtime="20231207 04:15:45.536"/>
</kw>
<kw name="And click on the &quot;${suggestion}&quot; form suggestion list" library="search_step_definitions" sourcename="click on the &quot;${suggestion}&quot; form suggestion list">
<arg>${suggestion}</arg>
<status status="NOT RUN" starttime="20231207 04:15:45.537" endtime="20231207 04:15:45.537"/>
</kw>
<kw name="And click on brand ${brand}" library="search_step_definitions" sourcename="click on brand ${brand}">
<arg>${brand}</arg>
<status status="NOT RUN" starttime="20231207 04:15:45.537" endtime="20231207 04:15:45.537"/>
</kw>
<kw name="And select the version ${version}" library="search_step_definitions" sourcename="select the version ${version}">
<arg>${version}</arg>
<status status="NOT RUN" starttime="20231207 04:15:45.537" endtime="20231207 04:15:45.538"/>
</kw>
<kw name="And select color of the product ${color} and check if the product out of stock ${status}" library="search_step_definitions" sourcename="select color of the product ${color} and check if the product out of stock ${status}">
<arg>${color}</arg>
<arg>${status}</arg>
<status status="NOT RUN" starttime="20231207 04:15:45.538" endtime="20231207 04:15:45.538"/>
</kw>
<status status="FAIL" starttime="20231207 04:15:35.686" endtime="20231207 04:15:45.538"/>
</kw>
<status status="FAIL" starttime="20231207 04:15:35.683" endtime="20231207 04:15:45.539">ElementNotInteractableException: Message: Element &lt;button id="onetrust-reject-all-handler" class="teal-binded"&gt; could not be scrolled into view
Stacktrace:
RemoteError@chrome://remote/content/shared/RemoteError.sys.mjs:8:8
WebDriverError@chrome://remote/content/shared/webdriver/Errors.sys.mjs:180:5
ElementNotInteractableError@chrome://remote/content/shared/webdriver/Errors.sys.mjs:290:5
webdriverClickElement@chrome://remote/content/marionette/interaction.sys.mjs:150:11
interaction.clickElement@chrome://remote/content/marionette/interaction.sys.mjs:119:11
clickElement@chrome://remote/content/marionette/actors/MarionetteCommandsChild.sys.mjs:198:29
receiveMessage@chrome://remote/content/marionette/actors/MarionetteCommandsChild.sys.mjs:86:31
</status>
</test>
<test id="s1-t2" name="Example Test Case 2" line="26">
<kw name="Scenario Outline:customer can search product in stock and choose it's color">
<arg>${SearchKeyword}</arg>
<arg>${suggestionKey}</arg>
<arg>${brandName}</arg>
<arg>${selectedVersion}</arg>
<arg>${productColor2}</arg>
<arg>${status2}</arg>
<kw name="Given Vodafone eShop website opened" library="search_step_definitions">
<kw name="Open Browser" library="SeleniumLibrary">
<arg>${url}</arg>
<arg>${Browser}</arg>
<doc>Opens a new browser instance to the optional ``url``.</doc>
<msg timestamp="20231207 04:15:45.550" level="INFO">Opening browser 'Firefox' to base url 'https://eshop.vodafone.com.eg/en'.</msg>
<status status="PASS" starttime="20231207 04:15:45.549" endtime="20231207 04:15:55.922"/>
</kw>
<kw name="Maximize Browser Window" library="SeleniumLibrary">
<doc>Maximizes current browser window.</doc>
<status status="PASS" starttime="20231207 04:15:55.922" endtime="20231207 04:15:56.192"/>
</kw>
<kw name="Click Button" library="SeleniumLibrary">
<arg>${rejectCookies}</arg>
<doc>Clicks the button identified by ``locator``.</doc>
<msg timestamp="20231207 04:15:56.194" level="INFO">Clicking button 'id:onetrust-reject-all-handler'.</msg>
<status status="PASS" starttime="20231207 04:15:56.193" endtime="20231207 04:15:56.718"/>
</kw>
<status status="PASS" starttime="20231207 04:15:45.548" endtime="20231207 04:15:56.719"/>
</kw>
<kw name="When enter search &quot;${Keyword}&quot; in search bar" library="search_step_definitions" sourcename="When enter search &quot;${Keyword}&quot; in search bar">
<arg>${Keyword}</arg>
<kw name="Input Text" library="SeleniumLibrary">
<arg>${searchBar}</arg>
<arg>${Keyword}</arg>
<doc>Types the given ``text`` into the text field identified by ``locator``.</doc>
<msg timestamp="20231207 04:15:56.726" level="INFO">Typing text 'Samsung Smart Phone' into text field 'id:searchInput'.</msg>
<status status="PASS" starttime="20231207 04:15:56.724" endtime="20231207 04:15:57.845"/>
</kw>
<status status="PASS" starttime="20231207 04:15:56.720" endtime="20231207 04:15:57.846"/>
</kw>
<kw name="And click on the &quot;${suggestion}&quot; form suggestion list" library="search_step_definitions" sourcename="click on the &quot;${suggestion}&quot; form suggestion list">
<arg>${suggestion}</arg>
<kw name="Click Element" library="SeleniumLibrary">
<arg>xpath://div/P[text()=' ${suggestion} ']</arg>
<doc>Click the element identified by ``locator``.</doc>
<msg timestamp="20231207 04:15:57.848" level="INFO">Clicking element 'xpath://div/P[text()=' In Smart Phones ']'.</msg>
<status status="PASS" starttime="20231207 04:15:57.847" endtime="20231207 04:15:58.327"/>
</kw>
<status status="PASS" starttime="20231207 04:15:57.846" endtime="20231207 04:15:58.328"/>
</kw>
<kw name="And click on brand ${brand}" library="search_step_definitions" sourcename="click on brand ${brand}">
<arg>${brand}</arg>
<kw name="Wait Until Element Is Visible" library="SeleniumLibrary">
<arg>xpath://div[text()=' Oppo ']</arg>
<doc>Waits until the element ``locator`` is visible.</doc>
<status status="PASS" starttime="20231207 04:15:58.329" endtime="20231207 04:15:58.791"/>
</kw>
<kw name="Click Element" library="SeleniumLibrary">
<arg>xpath://div[text()=' Oppo ']</arg>
<doc>Click the element identified by ``locator``.</doc>
<msg timestamp="20231207 04:15:58.793" level="INFO">Clicking element 'xpath://div[text()=' Oppo ']'.</msg>
<status status="PASS" starttime="20231207 04:15:58.791" endtime="20231207 04:15:59.268"/>
</kw>
<status status="PASS" starttime="20231207 04:15:58.328" endtime="20231207 04:15:59.269"/>
</kw>
<kw name="And select the version ${version}" library="search_step_definitions" sourcename="select the version ${version}">
<arg>${version}</arg>
<kw name="= SeleniumLibrary.Get WebElement">
<var>${element}</var>
<arg>css:h5.offer-price</arg>
<msg timestamp="20231207 04:15:59.276" level="FAIL">No keyword with name '= SeleniumLibrary.Get WebElement' found. Did you mean:
    SeleniumLibrary.Get WebElement
    SeleniumLibrary.Get WebElements
    SeleniumLibrary.Get Element Size
    SeleniumLibrary.Get Element Count</msg>
<status status="FAIL" starttime="20231207 04:15:59.276" endtime="20231207 04:15:59.276"/>
</kw>
<kw name="Execute Javascript" library="SeleniumLibrary">
<arg>arguments[0].scrollIntoView(true);</arg>
<arg>${element}</arg>
<doc>Executes the given JavaScript code with possible arguments.</doc>
<status status="NOT RUN" starttime="20231207 04:15:59.276" endtime="20231207 04:15:59.276"/>
</kw>
<status status="FAIL" starttime="20231207 04:15:59.269" endtime="20231207 04:15:59.276"/>
</kw>
<kw name="And select color of the product ${color} and check if the product out of stock ${status}" library="search_step_definitions" sourcename="select color of the product ${color} and check if the product out of stock ${status}">
<arg>${color}</arg>
<arg>${status}</arg>
<status status="NOT RUN" starttime="20231207 04:15:59.276" endtime="20231207 04:15:59.276"/>
</kw>
<status status="FAIL" starttime="20231207 04:15:45.546" endtime="20231207 04:15:59.278"/>
</kw>
<status status="FAIL" starttime="20231207 04:15:45.543" endtime="20231207 04:15:59.278">No keyword with name '= SeleniumLibrary.Get WebElement' found. Did you mean:
    SeleniumLibrary.Get WebElement
    SeleniumLibrary.Get WebElements
    SeleniumLibrary.Get Element Size
    SeleniumLibrary.Get Element Count</status>
</test>
<meta name="Feature">search</meta>
<meta name="Generated by">_gherkin2robotframework on 2023-12-04T14:10:51.111287_</meta>
<status status="FAIL" starttime="20231207 04:15:35.495" endtime="20231207 04:15:59.282"/>
</suite>
<statistics>
<total>
<stat pass="0" fail="2" skip="0">All Tests</stat>
</total>
<tag>
</tag>
<suite>
<stat pass="0" fail="2" skip="0" id="s1" name="Search">Search</stat>
</suite>
</statistics>
<errors>
</errors>
</robot>
