<?xml version="1.0" encoding="UTF-8"?>
<robot generator="Robot 6.1.1 (Python 3.9.5 on win32)" generated="20231204 11:13:27.902" rpa="false" schemaversion="4">
<suite id="s1" name="Tests" source="D:\automation\newProject\vodafone\tests">
<suite id="s1-s1" name="Search" source="D:\automation\newProject\vodafone\tests\search.robot">
<test id="s1-s1-t1" name="customer can search product in stock and choose it's color example line 9" line="8">
<kw name="Scenario Outline customer can search product in stock and choose it's color">
<arg>password</arg>
<arg>Samsung in Smart Phones</arg>
<arg>samsung</arg>
<arg>Oppo</arg>
<arg>msisdn</arg>
<kw name="Given Vodafone eShop website opened" library="search_step_definitions">
<kw name="Open Browser ${url} ${Browser}">
<msg timestamp="20231204 11:13:27.952" level="FAIL">No keyword with name 'Open Browser ${url} ${Browser}' found.</msg>
<status status="FAIL" starttime="20231204 11:13:27.952" endtime="20231204 11:13:27.952"/>
</kw>
<status status="FAIL" starttime="20231204 11:13:27.951" endtime="20231204 11:13:27.953"/>
</kw>
<kw name="And User login using &quot;${msisdn}&quot; and &quot;${password}&quot;" library="search_step_definitions" sourcename="User login using &quot;${msisdn}&quot; and &quot;${password}&quot;">
<status status="NOT RUN" starttime="20231204 11:13:27.953" endtime="20231204 11:13:27.953"/>
</kw>
<kw name="When enter search &quot;${Keyword}&quot; in search bar" library="search_step_definitions">
<status status="NOT RUN" starttime="20231204 11:13:27.953" endtime="20231204 11:13:27.953"/>
</kw>
<kw name="And click on the &quot;${suggestion}&quot; form suggestion list" library="search_step_definitions">
<status status="NOT RUN" starttime="20231204 11:13:27.954" endtime="20231204 11:13:27.954"/>
</kw>
<status status="FAIL" starttime="20231204 11:13:27.950" endtime="20231204 11:13:27.954"/>
</kw>
<status status="FAIL" starttime="20231204 11:13:27.949" endtime="20231204 11:13:27.955">No keyword with name 'Open Browser ${url} ${Browser}' found.</status>
</test>
<meta name="Feature">search</meta>
<meta name="Generated by">_gherkin2robotframework on 2023-12-04T09:34:39.721324_</meta>
<status status="FAIL" starttime="20231204 11:13:27.929" endtime="20231204 11:13:27.957"/>
</suite>
<status status="FAIL" starttime="20231204 11:13:27.904" endtime="20231204 11:13:27.959"/>
</suite>
<statistics>
<total>
<stat pass="0" fail="1" skip="0">All Tests</stat>
</total>
<tag>
</tag>
<suite>
<stat pass="0" fail="1" skip="0" id="s1" name="Tests">Tests</stat>
<stat pass="0" fail="1" skip="0" id="s1-s1" name="Search">Tests.Search</stat>
</suite>
</statistics>
<errors>
<msg timestamp="20231204 11:13:27.934" level="ERROR">Error in file 'D:\automation\newProject\vodafone\tests\search_step_definitions.robot' on line 16: Creating keyword 'enter search "${Keyword}" in search bar' failed: User keyword cannot be empty.</msg>
<msg timestamp="20231204 11:13:27.935" level="ERROR">Error in file 'D:\automation\newProject\vodafone\tests\search_step_definitions.robot' on line 21: Creating keyword 'click on the "${suggestion}" form suggestion list' failed: User keyword cannot be empty.</msg>
<msg timestamp="20231204 11:13:27.936" level="ERROR">Error in file 'D:\automation\newProject\vodafone\tests\search_step_definitions.robot' on line 22: Creating keyword ' [Arguments]' failed: Keyword with same name defined multiple times.</msg>
<msg timestamp="20231204 11:13:27.937" level="ERROR">Error in file 'D:\automation\newProject\vodafone\tests\search_step_definitions.robot' on line 26: Creating keyword 'click on "${brand}"' failed: User keyword cannot be empty.</msg>
<msg timestamp="20231204 11:13:27.938" level="ERROR">Error in file 'D:\automation\newProject\vodafone\tests\search_step_definitions.robot' on line 27: Creating keyword ' click' failed: User keyword cannot be empty.</msg>
<msg timestamp="20231204 11:13:27.939" level="ERROR">Error in file 'D:\automation\newProject\vodafone\tests\search_step_definitions.robot' on line 27: Creating keyword ' click' failed: Keyword with same name defined multiple times.</msg>
<msg timestamp="20231204 11:13:27.947" level="ERROR">Error in file 'D:\automation\newProject\vodafone\tests\search_step_definitions.robot' on line 4: Importing library 'SeleniumLibrary' failed: ModuleNotFoundError: No module named 'SeleniumLibrary'
Traceback (most recent call last):
  None
PYTHONPATH:
  D:\automation\newProject\venv\Scripts\robot.exe
  D:\Python39\python39.zip
  D:\Python39\DLLs
  D:\Python39\lib
  D:\Python39
  D:\automation\newProject\venv
  D:\automation\newProject\venv\lib\site-packages</msg>
</errors>
</robot>
